[03:48:53] [ServerMain/INFO]: [bootstrap] Running Java 21 (OpenJDK 64-Bit Server VM 21.0.9+10-Ubuntu-124.04; Ubuntu null) on Linux 6.8.0-1030-azure (amd64)
[03:48:53] [ServerMain/INFO]: [bootstrap] Loading Paper 1.21.7-17-main@b4466ec (2025-07-06T18:59:07Z) for Minecraft 1.21.7
[03:48:53] [ServerMain/INFO]: [PluginInitializerManager] Initializing plugins...
[03:48:53] [ServerMain/INFO]: [PluginInitializerManager] Initialized 0 plugins
[03:49:01] [ServerMain/INFO]: Environment: Environment[sessionHost=https://sessionserver.mojang.com, servicesHost=https://api.minecraftservices.com, name=PROD]
[03:49:04] [ServerMain/INFO]: Loaded 1407 recipes
[03:49:05] [ServerMain/INFO]: Loaded 1520 advancements
[03:49:05] [ServerMain/INFO]: [ca.spottedleaf.dataconverter.minecraft.datatypes.MCTypeRegistry] Initialising converters for DataConverter...
[03:49:05] [ServerMain/INFO]: [ca.spottedleaf.dataconverter.minecraft.datatypes.MCTypeRegistry] Finished initialising converters for DataConverter in 633.1ms
[03:49:05] [Server thread/INFO]: Starting minecraft server version 1.21.7
[03:49:05] [Server thread/INFO]: Loading properties
[03:49:05] [Server thread/INFO]: This server is running Paper version 1.21.7-17-main@b4466ec (2025-07-06T18:59:07Z) (Implementing API version 1.21.7-R0.1-SNAPSHOT)
[03:49:05] [Server thread/INFO]: [spark] This server bundles the spark profiler. For more information please visit https://docs.papermc.io/paper/profiling
[03:49:06] [Server thread/INFO]: Server Ping Player Sample Count: 12
[03:49:06] [Server thread/INFO]: Using 4 threads for Netty based IO
[03:49:07] [Server thread/INFO]: [MoonriseCommon] Paper is using 1 worker threads, 1 I/O threads
[03:49:07] [Server thread/INFO]: [ChunkTaskScheduler] Chunk system is using population gen parallelism: true
[03:49:09] [Server thread/INFO]: Default game type: SURVIVAL
[03:49:09] [Server thread/INFO]: Generating keypair
[03:49:09] [Server thread/INFO]: Starting Minecraft server on *:25565
[03:49:09] [Server thread/INFO]: Using epoll channel type
[03:49:09] [Server thread/INFO]: Paper: Using Java compression from Velocity.
[03:49:09] [Server thread/INFO]: Paper: Using Java cipher from Velocity.
[03:49:10] [Server thread/INFO]: Server permissions file permissions.yml is empty, ignoring it
[03:49:10] [Server thread/WARN]: **** SERVER IS RUNNING IN OFFLINE/INSECURE MODE!
[03:49:10] [Server thread/WARN]: The server will make no attempt to authenticate usernames. Beware.
[03:49:10] [Server thread/WARN]: While this makes the game possible to play without internet access, it also opens up the ability for hackers to connect with any username they choose.
[03:49:10] [Server thread/WARN]: To change this, set "online-mode" to "true" in the server.properties file.
[03:49:10] [Server thread/INFO]: Preparing level "world"
[03:49:10] [Thread-0/INFO]: Stopping server
[03:49:10] [Thread-0/INFO]: Saving players
[03:49:10] [Thread-0/WARN]: Asynchronous Save Players! Blocking thread until it returns 
java.lang.IllegalStateException: null
	at io.papermc.paper.util.MCUtil.ensureMain(MCUtil.java:128) ~[paper-1.21.7.jar:1.21.7-17-b4466ec]
	at net.minecraft.server.players.PlayerList.saveAll(PlayerList.java:1068) ~[paper-1.21.7.jar:1.21.7-17-b4466ec]
	at net.minecraft.server.players.PlayerList.saveAll(PlayerList.java:1064) ~[paper-1.21.7.jar:1.21.7-17-b4466ec]
	at net.minecraft.server.MinecraftServer.stopServer(MinecraftServer.java:1011) ~[paper-1.21.7.jar:1.21.7-17-b4466ec]
	at net.minecraft.server.dedicated.DedicatedServer.stopServer(DedicatedServer.java:712) ~[paper-1.21.7.jar:1.21.7-17-b4466ec]
	at net.minecraft.server.MinecraftServer.close(MinecraftServer.java:969) ~[paper-1.21.7.jar:1.21.7-17-b4466ec]
	at org.bukkit.craftbukkit.util.ServerShutdownThread.run(ServerShutdownThread.java:26) ~[paper-1.21.7.jar:1.21.7-17-b4466ec]
[03:49:11] [Server thread/INFO]: Preparing start region for dimension minecraft:overworld
[03:49:11] [Server thread/INFO]: Preparing spawn area: 0%
[03:49:11] [Server thread/INFO]: Preparing spawn area: 2%
[03:49:12] [Server thread/INFO]: Preparing spawn area: 2%
[03:49:13] [Server thread/INFO]: Preparing spawn area: 8%
[03:49:13] [Server thread/INFO]: Preparing spawn area: 8%
[03:49:13] [Server thread/INFO]: Time elapsed: 2122 ms
[03:49:13] [Server thread/INFO]: Preparing start region for dimension minecraft:the_nether
[03:49:13] [Server thread/INFO]: Preparing spawn area: 0%
[03:49:13] [Server thread/INFO]: Preparing spawn area: 69%
[03:49:13] [Server thread/INFO]: Time elapsed: 516 ms
[03:49:13] [Server thread/INFO]: Preparing start region for dimension minecraft:the_end
[03:49:13] [Server thread/INFO]: Preparing spawn area: 0%
[03:49:14] [Server thread/INFO]: Time elapsed: 446 ms
[03:49:14] [Server thread/INFO]: [spark] Starting background profiler...
[03:49:15] [Server thread/INFO]: Done preparing level "world" (5.036s)
[03:49:15] [Server thread/INFO]: Running delayed init tasks
[03:49:15] [Server thread/INFO]: Done (22.892s)! For help, type "help"
[03:50:20] [spark-async-sampler-worker-thread/WARN]: [spark] Timed out waiting for world statistics
[03:51:20] [spark-async-sampler-worker-thread/WARN]: [spark] Timed out waiting for world statistics
[03:52:20] [spark-async-sampler-worker-thread/WARN]: [spark] Timed out waiting for world statistics
[03:53:20] [spark-async-sampler-worker-thread/WARN]: [spark] Timed out waiting for world statistics
[03:54:20] [spark-async-sampler-worker-thread/WARN]: [spark] Timed out waiting for world statistics
[03:55:20] [spark-async-sampler-worker-thread/WARN]: [spark] Timed out waiting for world statistics
[03:56:20] [spark-async-sampler-worker-thread/WARN]: [spark] Timed out waiting for world statistics
[03:57:20] [spark-async-sampler-worker-thread/WARN]: [spark] Timed out waiting for world statistics
[03:58:20] [spark-async-sampler-worker-thread/WARN]: [spark] Timed out waiting for world statistics
[03:59:20] [spark-async-sampler-worker-thread/WARN]: [spark] Timed out waiting for world statistics
[04:00:20] [spark-async-sampler-worker-thread/WARN]: [spark] Timed out waiting for world statistics
[04:01:20] [spark-async-sampler-worker-thread/WARN]: [spark] Timed out waiting for world statistics
[04:02:20] [spark-async-sampler-worker-thread/WARN]: [spark] Timed out waiting for world statistics
[04:03:20] [spark-async-sampler-worker-thread/WARN]: [spark] Timed out waiting for world statistics
[04:04:20] [spark-async-sampler-worker-thread/WARN]: [spark] Timed out waiting for world statistics
[04:05:20] [spark-async-sampler-worker-thread/WARN]: [spark] Timed out waiting for world statistics
[04:06:20] [spark-async-sampler-worker-thread/WARN]: [spark] Timed out waiting for world statistics
[04:07:20] [spark-async-sampler-worker-thread/WARN]: [spark] Timed out waiting for world statistics
[04:08:20] [spark-async-sampler-worker-thread/WARN]: [spark] Timed out waiting for world statistics
